{"D:\\TMS\\payment-ledger-service\\backend\\src\\models\\Account.js": {"path":"D:\\TMS\\payment-ledger-service\\backend\\src\\models\\Account.js","statementMap":{"0":{"start":{"line":21,"column":22},"end":{"line":45,"column":1}},"1":{"start":{"line":48,"column":0},"end":{"line":48,"column":33}},"2":{"start":{"line":52,"column":16},"end":{"line":52,"column":56}}},"fnMap":{},"branchMap":{},"s":{"0":1,"1":1,"2":1},"f":{},"b":{},"_coverageSchema":"1a1c01bbd47fc00a2c39e90264f33305004495a9","hash":"c56bd23c2b5350915c5cdcae70c71ba16a4363d1"}
,"D:\\TMS\\payment-ledger-service\\backend\\src\\models\\Invoice.js": {"path":"D:\\TMS\\payment-ledger-service\\backend\\src\\models\\Invoice.js","statementMap":{"0":{"start":{"line":32,"column":22},"end":{"line":95,"column":1}},"1":{"start":{"line":72,"column":18},"end":{"line":72,"column":31}},"2":{"start":{"line":82,"column":18},"end":{"line":82,"column":31}},"3":{"start":{"line":98,"column":16},"end":{"line":98,"column":56}}},"fnMap":{"0":{"name":"(anonymous_0)","decl":{"start":{"line":72,"column":11},"end":{"line":72,"column":12}},"loc":{"start":{"line":72,"column":18},"end":{"line":72,"column":31}},"line":72},"1":{"name":"(anonymous_1)","decl":{"start":{"line":82,"column":11},"end":{"line":82,"column":12}},"loc":{"start":{"line":82,"column":18},"end":{"line":82,"column":31}},"line":82}},"branchMap":{},"s":{"0":1,"1":0,"2":0,"3":1},"f":{"0":0,"1":0},"b":{},"_coverageSchema":"1a1c01bbd47fc00a2c39e90264f33305004495a9","hash":"631985c02c2ea87eec929cebef71e078ca49578c"}
,"D:\\TMS\\payment-ledger-service\\backend\\src\\models\\LineItem.js": {"path":"D:\\TMS\\payment-ledger-service\\backend\\src\\models\\LineItem.js","statementMap":{"0":{"start":{"line":24,"column":23},"end":{"line":57,"column":1}},"1":{"start":{"line":50,"column":18},"end":{"line":50,"column":31}},"2":{"start":{"line":60,"column":17},"end":{"line":60,"column":59}}},"fnMap":{"0":{"name":"(anonymous_0)","decl":{"start":{"line":50,"column":11},"end":{"line":50,"column":12}},"loc":{"start":{"line":50,"column":18},"end":{"line":50,"column":31}},"line":50}},"branchMap":{},"s":{"0":1,"1":0,"2":1},"f":{"0":0},"b":{},"_coverageSchema":"1a1c01bbd47fc00a2c39e90264f33305004495a9","hash":"4f8e17a0abce3ecb2251cbaeadc31a744df30d12"}
,"D:\\TMS\\payment-ledger-service\\backend\\src\\models\\Payment.js": {"path":"D:\\TMS\\payment-ledger-service\\backend\\src\\models\\Payment.js","statementMap":{"0":{"start":{"line":25,"column":22},"end":{"line":75,"column":1}},"1":{"start":{"line":43,"column":18},"end":{"line":43,"column":31}},"2":{"start":{"line":78,"column":0},"end":{"line":78,"column":49}},"3":{"start":{"line":81,"column":0},"end":{"line":81,"column":39}},"4":{"start":{"line":84,"column":16},"end":{"line":84,"column":56}}},"fnMap":{"0":{"name":"(anonymous_0)","decl":{"start":{"line":43,"column":11},"end":{"line":43,"column":12}},"loc":{"start":{"line":43,"column":18},"end":{"line":43,"column":31}},"line":43}},"branchMap":{},"s":{"0":1,"1":0,"2":1,"3":1,"4":1},"f":{"0":0},"b":{},"_coverageSchema":"1a1c01bbd47fc00a2c39e90264f33305004495a9","hash":"8561cc3e596f7248883c6f504cb7c05cd7e273a3"}
,"D:\\TMS\\payment-ledger-service\\backend\\src\\models\\Transaction.js": {"path":"D:\\TMS\\payment-ledger-service\\backend\\src\\models\\Transaction.js","statementMap":{"0":{"start":{"line":27,"column":26},"end":{"line":62,"column":1}},"1":{"start":{"line":65,"column":20},"end":{"line":65,"column":68}}},"fnMap":{},"branchMap":{},"s":{"0":1,"1":1},"f":{},"b":{},"_coverageSchema":"1a1c01bbd47fc00a2c39e90264f33305004495a9","hash":"3b2f39d022c5e554178e3d9212a637ee11a147e7"}
,"D:\\TMS\\payment-ledger-service\\backend\\src\\services\\accountService.js": {"path":"D:\\TMS\\payment-ledger-service\\backend\\src\\services\\accountService.js","statementMap":{"0":{"start":{"line":40,"column":2},"end":{"line":59,"column":3}},"1":{"start":{"line":43,"column":20},"end":{"line":46,"column":6}},"2":{"start":{"line":48,"column":4},"end":{"line":48,"column":49}},"3":{"start":{"line":49,"column":4},"end":{"line":49,"column":19}},"4":{"start":{"line":52,"column":4},"end":{"line":57,"column":5}},"5":{"start":{"line":53,"column":23},"end":{"line":55,"column":19}},"6":{"start":{"line":54,"column":22},"end":{"line":54,"column":33}},"7":{"start":{"line":56,"column":6},"end":{"line":56,"column":64}},"8":{"start":{"line":58,"column":4},"end":{"line":58,"column":16}},"9":{"start":{"line":79,"column":2},"end":{"line":98,"column":3}},"10":{"start":{"line":81,"column":4},"end":{"line":81,"column":42}},"11":{"start":{"line":82,"column":22},"end":{"line":82,"column":45}},"12":{"start":{"line":84,"column":20},"end":{"line":84,"column":61}},"13":{"start":{"line":86,"column":4},"end":{"line":89,"column":5}},"14":{"start":{"line":87,"column":6},"end":{"line":87,"column":50}},"15":{"start":{"line":88,"column":6},"end":{"line":88,"column":18}},"16":{"start":{"line":91,"column":4},"end":{"line":91,"column":19}},"17":{"start":{"line":94,"column":4},"end":{"line":96,"column":5}},"18":{"start":{"line":95,"column":6},"end":{"line":95,"column":58}},"19":{"start":{"line":97,"column":4},"end":{"line":97,"column":16}},"20":{"start":{"line":119,"column":2},"end":{"line":135,"column":3}},"21":{"start":{"line":120,"column":16},"end":{"line":120,"column":32}},"22":{"start":{"line":123,"column":4},"end":{"line":125,"column":5}},"23":{"start":{"line":124,"column":6},"end":{"line":124,"column":61}},"24":{"start":{"line":129,"column":21},"end":{"line":129,"column":56}},"25":{"start":{"line":131,"column":4},"end":{"line":131,"column":59}},"26":{"start":{"line":132,"column":4},"end":{"line":132,"column":20}},"27":{"start":{"line":134,"column":4},"end":{"line":134,"column":16}},"28":{"start":{"line":171,"column":2},"end":{"line":220,"column":3}},"29":{"start":{"line":173,"column":25},"end":{"line":185,"column":6}},"30":{"start":{"line":188,"column":24},"end":{"line":188,"column":57}},"31":{"start":{"line":191,"column":26},"end":{"line":203,"column":6}},"32":{"start":{"line":206,"column":25},"end":{"line":206,"column":60}},"33":{"start":{"line":211,"column":20},"end":{"line":211,"column":46}},"34":{"start":{"line":213,"column":4},"end":{"line":215,"column":6}},"35":{"start":{"line":217,"column":4},"end":{"line":217,"column":19}},"36":{"start":{"line":219,"column":4},"end":{"line":219,"column":16}}},"fnMap":{"0":{"name":"createAccount","decl":{"start":{"line":39,"column":22},"end":{"line":39,"column":35}},"loc":{"start":{"line":39,"column":48},"end":{"line":60,"column":1}},"line":39},"1":{"name":"(anonymous_1)","decl":{"start":{"line":54,"column":13},"end":{"line":54,"column":14}},"loc":{"start":{"line":54,"column":22},"end":{"line":54,"column":33}},"line":54},"2":{"name":"getAccount","decl":{"start":{"line":78,"column":22},"end":{"line":78,"column":32}},"loc":{"start":{"line":78,"column":37},"end":{"line":99,"column":1}},"line":78},"3":{"name":"getAllAccounts","decl":{"start":{"line":118,"column":22},"end":{"line":118,"column":36}},"loc":{"start":{"line":118,"column":50},"end":{"line":136,"column":1}},"line":118},"4":{"name":"calculateBalance","decl":{"start":{"line":170,"column":22},"end":{"line":170,"column":38}},"loc":{"start":{"line":170,"column":50},"end":{"line":221,"column":1}},"line":170}},"branchMap":{"0":{"loc":{"start":{"line":52,"column":4},"end":{"line":57,"column":5}},"type":"if","locations":[{"start":{"line":52,"column":4},"end":{"line":57,"column":5}},{"start":{},"end":{}}],"line":52},"1":{"loc":{"start":{"line":82,"column":22},"end":{"line":82,"column":45}},"type":"binary-expr","locations":[{"start":{"line":82,"column":22},"end":{"line":82,"column":28}},{"start":{"line":82,"column":32},"end":{"line":82,"column":39}},{"start":{"line":82,"column":43},"end":{"line":82,"column":45}}],"line":82},"2":{"loc":{"start":{"line":86,"column":4},"end":{"line":89,"column":5}},"type":"if","locations":[{"start":{"line":86,"column":4},"end":{"line":89,"column":5}},{"start":{},"end":{}}],"line":86},"3":{"loc":{"start":{"line":94,"column":4},"end":{"line":96,"column":5}},"type":"if","locations":[{"start":{"line":94,"column":4},"end":{"line":96,"column":5}},{"start":{},"end":{}}],"line":94},"4":{"loc":{"start":{"line":118,"column":37},"end":{"line":118,"column":48}},"type":"default-arg","locations":[{"start":{"line":118,"column":44},"end":{"line":118,"column":48}}],"line":118},"5":{"loc":{"start":{"line":123,"column":4},"end":{"line":125,"column":5}},"type":"if","locations":[{"start":{"line":123,"column":4},"end":{"line":125,"column":5}},{"start":{},"end":{}}],"line":123},"6":{"loc":{"start":{"line":188,"column":24},"end":{"line":188,"column":57}},"type":"binary-expr","locations":[{"start":{"line":188,"column":24},"end":{"line":188,"column":52}},{"start":{"line":188,"column":56},"end":{"line":188,"column":57}}],"line":188},"7":{"loc":{"start":{"line":206,"column":25},"end":{"line":206,"column":60}},"type":"binary-expr","locations":[{"start":{"line":206,"column":25},"end":{"line":206,"column":55}},{"start":{"line":206,"column":59},"end":{"line":206,"column":60}}],"line":206}},"s":{"0":5,"1":5,"2":0,"3":0,"4":4,"5":0,"6":0,"7":0,"8":4,"9":0,"10":0,"11":0,"12":0,"13":0,"14":0,"15":0,"16":0,"17":0,"18":0,"19":0,"20":0,"21":0,"22":0,"23":0,"24":0,"25":0,"26":0,"27":0,"28":0,"29":0,"30":0,"31":0,"32":0,"33":0,"34":0,"35":0,"36":0},"f":{"0":5,"1":0,"2":0,"3":0,"4":0},"b":{"0":[0,4],"1":[0,0,0],"2":[0,0],"3":[0,0],"4":[0],"5":[0,0],"6":[0,0],"7":[0,0]},"_coverageSchema":"1a1c01bbd47fc00a2c39e90264f33305004495a9","hash":"b3516fa1f1996be2eb74dfa1b68f267e5c25946b"}
,"D:\\TMS\\payment-ledger-service\\backend\\src\\services\\invoiceService.js": {"path":"D:\\TMS\\payment-ledger-service\\backend\\src\\services\\invoiceService.js","statementMap":{"0":{"start":{"line":45,"column":2},"end":{"line":99,"column":3}},"1":{"start":{"line":48,"column":23},"end":{"line":48,"column":83}},"2":{"start":{"line":48,"column":55},"end":{"line":48,"column":79}},"3":{"start":{"line":50,"column":4},"end":{"line":52,"column":5}},"4":{"start":{"line":51,"column":6},"end":{"line":51,"column":65}},"5":{"start":{"line":55,"column":20},"end":{"line":62,"column":6}},"6":{"start":{"line":64,"column":4},"end":{"line":66,"column":6}},"7":{"start":{"line":69,"column":4},"end":{"line":79,"column":5}},"8":{"start":{"line":70,"column":27},"end":{"line":74,"column":9}},"9":{"start":{"line":70,"column":52},"end":{"line":74,"column":7}},"10":{"start":{"line":77,"column":6},"end":{"line":77,"column":46}},"11":{"start":{"line":78,"column":6},"end":{"line":78,"column":71}},"12":{"start":{"line":82,"column":4},"end":{"line":82,"column":36}},"13":{"start":{"line":85,"column":4},"end":{"line":85,"column":37}},"14":{"start":{"line":86,"column":4},"end":{"line":91,"column":5}},"15":{"start":{"line":87,"column":23},"end":{"line":89,"column":19}},"16":{"start":{"line":88,"column":22},"end":{"line":88,"column":33}},"17":{"start":{"line":90,"column":6},"end":{"line":90,"column":64}},"18":{"start":{"line":93,"column":4},"end":{"line":97,"column":5}},"19":{"start":{"line":94,"column":6},"end":{"line":96,"column":8}},"20":{"start":{"line":98,"column":4},"end":{"line":98,"column":16}},"21":{"start":{"line":118,"column":2},"end":{"line":148,"column":3}},"22":{"start":{"line":120,"column":20},"end":{"line":122,"column":13}},"23":{"start":{"line":124,"column":4},"end":{"line":127,"column":5}},"24":{"start":{"line":125,"column":6},"end":{"line":125,"column":50}},"25":{"start":{"line":126,"column":6},"end":{"line":126,"column":18}},"26":{"start":{"line":131,"column":22},"end":{"line":131,"column":67}},"27":{"start":{"line":133,"column":4},"end":{"line":136,"column":6}},"28":{"start":{"line":139,"column":4},"end":{"line":142,"column":6}},"29":{"start":{"line":144,"column":4},"end":{"line":146,"column":5}},"30":{"start":{"line":145,"column":6},"end":{"line":145,"column":58}},"31":{"start":{"line":147,"column":4},"end":{"line":147,"column":16}},"32":{"start":{"line":170,"column":2},"end":{"line":188,"column":3}},"33":{"start":{"line":171,"column":16},"end":{"line":171,"column":32}},"34":{"start":{"line":174,"column":4},"end":{"line":176,"column":5}},"35":{"start":{"line":175,"column":6},"end":{"line":175,"column":65}},"36":{"start":{"line":179,"column":21},"end":{"line":182,"column":13}},"37":{"start":{"line":184,"column":4},"end":{"line":184,"column":59}},"38":{"start":{"line":185,"column":4},"end":{"line":185,"column":20}},"39":{"start":{"line":187,"column":4},"end":{"line":187,"column":16}},"40":{"start":{"line":211,"column":2},"end":{"line":237,"column":3}},"41":{"start":{"line":215,"column":20},"end":{"line":221,"column":13}},"42":{"start":{"line":223,"column":4},"end":{"line":225,"column":5}},"43":{"start":{"line":224,"column":6},"end":{"line":224,"column":57}},"44":{"start":{"line":227,"column":4},"end":{"line":227,"column":71}},"45":{"start":{"line":228,"column":4},"end":{"line":228,"column":19}},"46":{"start":{"line":230,"column":4},"end":{"line":232,"column":5}},"47":{"start":{"line":231,"column":6},"end":{"line":231,"column":65}},"48":{"start":{"line":233,"column":4},"end":{"line":235,"column":5}},"49":{"start":{"line":234,"column":6},"end":{"line":234,"column":51}},"50":{"start":{"line":236,"column":4},"end":{"line":236,"column":16}},"51":{"start":{"line":258,"column":2},"end":{"line":268,"column":3}},"52":{"start":{"line":259,"column":20},"end":{"line":259,"column":73}},"53":{"start":{"line":261,"column":4},"end":{"line":263,"column":5}},"54":{"start":{"line":262,"column":6},"end":{"line":262,"column":57}},"55":{"start":{"line":265,"column":4},"end":{"line":265,"column":34}},"56":{"start":{"line":267,"column":4},"end":{"line":267,"column":16}},"57":{"start":{"line":289,"column":2},"end":{"line":297,"column":3}},"58":{"start":{"line":290,"column":22},"end":{"line":292,"column":13}},"59":{"start":{"line":294,"column":4},"end":{"line":294,"column":21}},"60":{"start":{"line":296,"column":4},"end":{"line":296,"column":16}},"61":{"start":{"line":312,"column":2},"end":{"line":327,"column":3}},"62":{"start":{"line":314,"column":20},"end":{"line":318,"column":5}},"63":{"start":{"line":320,"column":4},"end":{"line":322,"column":5}},"64":{"start":{"line":321,"column":6},"end":{"line":321,"column":57}},"65":{"start":{"line":324,"column":4},"end":{"line":324,"column":19}},"66":{"start":{"line":326,"column":4},"end":{"line":326,"column":16}}},"fnMap":{"0":{"name":"createInvoice","decl":{"start":{"line":39,"column":22},"end":{"line":39,"column":35}},"loc":{"start":{"line":44,"column":2},"end":{"line":100,"column":1}},"line":44},"1":{"name":"(anonymous_1)","decl":{"start":{"line":48,"column":40},"end":{"line":48,"column":41}},"loc":{"start":{"line":48,"column":55},"end":{"line":48,"column":79}},"line":48},"2":{"name":"(anonymous_2)","decl":{"start":{"line":70,"column":41},"end":{"line":70,"column":42}},"loc":{"start":{"line":70,"column":52},"end":{"line":74,"column":7}},"line":70},"3":{"name":"(anonymous_3)","decl":{"start":{"line":88,"column":13},"end":{"line":88,"column":14}},"loc":{"start":{"line":88,"column":22},"end":{"line":88,"column":33}},"line":88},"4":{"name":"getInvoice","decl":{"start":{"line":117,"column":22},"end":{"line":117,"column":32}},"loc":{"start":{"line":117,"column":37},"end":{"line":149,"column":1}},"line":117},"5":{"name":"getAllInvoices","decl":{"start":{"line":169,"column":22},"end":{"line":169,"column":36}},"loc":{"start":{"line":169,"column":52},"end":{"line":189,"column":1}},"line":169},"6":{"name":"updateInvoiceStatus","decl":{"start":{"line":210,"column":22},"end":{"line":210,"column":41}},"loc":{"start":{"line":210,"column":61},"end":{"line":238,"column":1}},"line":210},"7":{"name":"getInvoicePaidAmount","decl":{"start":{"line":257,"column":22},"end":{"line":257,"column":42}},"loc":{"start":{"line":257,"column":54},"end":{"line":269,"column":1}},"line":257},"8":{"name":"getInvoiceLineItems","decl":{"start":{"line":288,"column":22},"end":{"line":288,"column":41}},"loc":{"start":{"line":288,"column":53},"end":{"line":298,"column":1}},"line":288},"9":{"name":"updateInvoicePaidAmount","decl":{"start":{"line":311,"column":22},"end":{"line":311,"column":45}},"loc":{"start":{"line":311,"column":70},"end":{"line":328,"column":1}},"line":311}},"branchMap":{"0":{"loc":{"start":{"line":42,"column":2},"end":{"line":42,"column":16}},"type":"default-arg","locations":[{"start":{"line":42,"column":12},"end":{"line":42,"column":16}}],"line":42},"1":{"loc":{"start":{"line":43,"column":2},"end":{"line":43,"column":16}},"type":"default-arg","locations":[{"start":{"line":43,"column":14},"end":{"line":43,"column":16}}],"line":43},"2":{"loc":{"start":{"line":48,"column":62},"end":{"line":48,"column":78}},"type":"binary-expr","locations":[{"start":{"line":48,"column":62},"end":{"line":48,"column":73}},{"start":{"line":48,"column":77},"end":{"line":48,"column":78}}],"line":48},"3":{"loc":{"start":{"line":50,"column":4},"end":{"line":52,"column":5}},"type":"if","locations":[{"start":{"line":50,"column":4},"end":{"line":52,"column":5}},{"start":{},"end":{}}],"line":50},"4":{"loc":{"start":{"line":58,"column":15},"end":{"line":58,"column":47}},"type":"cond-expr","locations":[{"start":{"line":58,"column":25},"end":{"line":58,"column":42}},{"start":{"line":58,"column":45},"end":{"line":58,"column":47}}],"line":58},"5":{"loc":{"start":{"line":59,"column":29},"end":{"line":59,"column":44}},"type":"binary-expr","locations":[{"start":{"line":59,"column":29},"end":{"line":59,"column":39}},{"start":{"line":59,"column":43},"end":{"line":59,"column":44}}],"line":59},"6":{"loc":{"start":{"line":69,"column":4},"end":{"line":79,"column":5}},"type":"if","locations":[{"start":{"line":69,"column":4},"end":{"line":79,"column":5}},{"start":{},"end":{}}],"line":69},"7":{"loc":{"start":{"line":73,"column":32},"end":{"line":73,"column":49}},"type":"binary-expr","locations":[{"start":{"line":73,"column":32},"end":{"line":73,"column":44}},{"start":{"line":73,"column":48},"end":{"line":73,"column":49}}],"line":73},"8":{"loc":{"start":{"line":86,"column":4},"end":{"line":91,"column":5}},"type":"if","locations":[{"start":{"line":86,"column":4},"end":{"line":91,"column":5}},{"start":{},"end":{}}],"line":86},"9":{"loc":{"start":{"line":93,"column":4},"end":{"line":97,"column":5}},"type":"if","locations":[{"start":{"line":93,"column":4},"end":{"line":97,"column":5}},{"start":{},"end":{}}],"line":93},"10":{"loc":{"start":{"line":124,"column":4},"end":{"line":127,"column":5}},"type":"if","locations":[{"start":{"line":124,"column":4},"end":{"line":127,"column":5}},{"start":{},"end":{}}],"line":124},"11":{"loc":{"start":{"line":144,"column":4},"end":{"line":146,"column":5}},"type":"if","locations":[{"start":{"line":144,"column":4},"end":{"line":146,"column":5}},{"start":{},"end":{}}],"line":144},"12":{"loc":{"start":{"line":169,"column":37},"end":{"line":169,"column":50}},"type":"default-arg","locations":[{"start":{"line":169,"column":46},"end":{"line":169,"column":50}}],"line":169},"13":{"loc":{"start":{"line":174,"column":4},"end":{"line":176,"column":5}},"type":"if","locations":[{"start":{"line":174,"column":4},"end":{"line":176,"column":5}},{"start":{},"end":{}}],"line":174},"14":{"loc":{"start":{"line":223,"column":4},"end":{"line":225,"column":5}},"type":"if","locations":[{"start":{"line":223,"column":4},"end":{"line":225,"column":5}},{"start":{},"end":{}}],"line":223},"15":{"loc":{"start":{"line":230,"column":4},"end":{"line":232,"column":5}},"type":"if","locations":[{"start":{"line":230,"column":4},"end":{"line":232,"column":5}},{"start":{},"end":{}}],"line":230},"16":{"loc":{"start":{"line":233,"column":4},"end":{"line":235,"column":5}},"type":"if","locations":[{"start":{"line":233,"column":4},"end":{"line":235,"column":5}},{"start":{},"end":{}}],"line":233},"17":{"loc":{"start":{"line":261,"column":4},"end":{"line":263,"column":5}},"type":"if","locations":[{"start":{"line":261,"column":4},"end":{"line":263,"column":5}},{"start":{},"end":{}}],"line":261},"18":{"loc":{"start":{"line":265,"column":11},"end":{"line":265,"column":33}},"type":"binary-expr","locations":[{"start":{"line":265,"column":11},"end":{"line":265,"column":28}},{"start":{"line":265,"column":32},"end":{"line":265,"column":33}}],"line":265},"19":{"loc":{"start":{"line":320,"column":4},"end":{"line":322,"column":5}},"type":"if","locations":[{"start":{"line":320,"column":4},"end":{"line":322,"column":5}},{"start":{},"end":{}}],"line":320}},"s":{"0":0,"1":0,"2":0,"3":0,"4":0,"5":0,"6":0,"7":0,"8":0,"9":0,"10":0,"11":0,"12":0,"13":0,"14":0,"15":0,"16":0,"17":0,"18":0,"19":0,"20":0,"21":0,"22":0,"23":0,"24":0,"25":0,"26":0,"27":0,"28":0,"29":0,"30":0,"31":0,"32":0,"33":0,"34":0,"35":0,"36":0,"37":0,"38":0,"39":0,"40":0,"41":0,"42":0,"43":0,"44":0,"45":0,"46":0,"47":0,"48":0,"49":0,"50":0,"51":0,"52":0,"53":0,"54":0,"55":0,"56":0,"57":0,"58":0,"59":0,"60":0,"61":0,"62":0,"63":0,"64":0,"65":0,"66":0},"f":{"0":0,"1":0,"2":0,"3":0,"4":0,"5":0,"6":0,"7":0,"8":0,"9":0},"b":{"0":[0],"1":[0],"2":[0,0],"3":[0,0],"4":[0,0],"5":[0,0],"6":[0,0],"7":[0,0],"8":[0,0],"9":[0,0],"10":[0,0],"11":[0,0],"12":[0],"13":[0,0],"14":[0,0],"15":[0,0],"16":[0,0],"17":[0,0],"18":[0,0],"19":[0,0]},"_coverageSchema":"1a1c01bbd47fc00a2c39e90264f33305004495a9","hash":"267e6d6b065911711914a66f050facea0bb8e66d"}
,"D:\\TMS\\payment-ledger-service\\backend\\src\\services\\paymentService.js": {"path":"D:\\TMS\\payment-ledger-service\\backend\\src\\services\\paymentService.js","statementMap":{"0":{"start":{"line":53,"column":2},"end":{"line":75,"column":3}},"1":{"start":{"line":55,"column":20},"end":{"line":60,"column":6}},"2":{"start":{"line":62,"column":4},"end":{"line":64,"column":6}},"3":{"start":{"line":66,"column":4},"end":{"line":66,"column":19}},"4":{"start":{"line":68,"column":4},"end":{"line":73,"column":5}},"5":{"start":{"line":69,"column":23},"end":{"line":71,"column":19}},"6":{"start":{"line":70,"column":22},"end":{"line":70,"column":33}},"7":{"start":{"line":72,"column":6},"end":{"line":72,"column":64}},"8":{"start":{"line":74,"column":4},"end":{"line":74,"column":16}},"9":{"start":{"line":94,"column":2},"end":{"line":110,"column":3}},"10":{"start":{"line":95,"column":20},"end":{"line":97,"column":59}},"11":{"start":{"line":99,"column":4},"end":{"line":102,"column":5}},"12":{"start":{"line":100,"column":6},"end":{"line":100,"column":50}},"13":{"start":{"line":101,"column":6},"end":{"line":101,"column":18}},"14":{"start":{"line":104,"column":4},"end":{"line":104,"column":19}},"15":{"start":{"line":106,"column":4},"end":{"line":108,"column":5}},"16":{"start":{"line":107,"column":6},"end":{"line":107,"column":58}},"17":{"start":{"line":109,"column":4},"end":{"line":109,"column":16}},"18":{"start":{"line":132,"column":2},"end":{"line":144,"column":3}},"19":{"start":{"line":133,"column":21},"end":{"line":135,"column":13}},"20":{"start":{"line":137,"column":4},"end":{"line":139,"column":6}},"21":{"start":{"line":141,"column":4},"end":{"line":141,"column":20}},"22":{"start":{"line":143,"column":4},"end":{"line":143,"column":16}},"23":{"start":{"line":185,"column":2},"end":{"line":256,"column":3}},"24":{"start":{"line":187,"column":20},"end":{"line":187,"column":47}},"25":{"start":{"line":188,"column":4},"end":{"line":190,"column":5}},"26":{"start":{"line":189,"column":6},"end":{"line":189,"column":57}},"27":{"start":{"line":192,"column":4},"end":{"line":192,"column":116}},"28":{"start":{"line":195,"column":4},"end":{"line":197,"column":5}},"29":{"start":{"line":196,"column":6},"end":{"line":196,"column":66}},"30":{"start":{"line":200,"column":23},"end":{"line":200,"column":45}},"31":{"start":{"line":201,"column":22},"end":{"line":201,"column":46}},"32":{"start":{"line":204,"column":4},"end":{"line":211,"column":5}},"33":{"start":{"line":205,"column":6},"end":{"line":210,"column":8}},"34":{"start":{"line":215,"column":27},"end":{"line":221,"column":6}},"35":{"start":{"line":223,"column":4},"end":{"line":232,"column":5}},"36":{"start":{"line":224,"column":6},"end":{"line":231,"column":7}},"37":{"start":{"line":225,"column":8},"end":{"line":230,"column":10}},"38":{"start":{"line":235,"column":20},"end":{"line":235,"column":76}},"39":{"start":{"line":238,"column":27},"end":{"line":242,"column":5}},"40":{"start":{"line":244,"column":4},"end":{"line":244,"column":114}},"41":{"start":{"line":247,"column":4},"end":{"line":250,"column":5}},"42":{"start":{"line":248,"column":6},"end":{"line":248,"column":51}},"43":{"start":{"line":249,"column":6},"end":{"line":249,"column":68}},"44":{"start":{"line":252,"column":4},"end":{"line":252,"column":19}},"45":{"start":{"line":254,"column":4},"end":{"line":254,"column":67}},"46":{"start":{"line":255,"column":4},"end":{"line":255,"column":16}},"47":{"start":{"line":270,"column":2},"end":{"line":291,"column":3}},"48":{"start":{"line":271,"column":19},"end":{"line":286,"column":6}},"49":{"start":{"line":288,"column":4},"end":{"line":288,"column":41}},"50":{"start":{"line":290,"column":4},"end":{"line":290,"column":16}},"51":{"start":{"line":304,"column":2},"end":{"line":336,"column":3}},"52":{"start":{"line":305,"column":18},"end":{"line":326,"column":6}},"53":{"start":{"line":328,"column":4},"end":{"line":333,"column":6}},"54":{"start":{"line":335,"column":4},"end":{"line":335,"column":16}}},"fnMap":{"0":{"name":"createPayment","decl":{"start":{"line":47,"column":22},"end":{"line":47,"column":35}},"loc":{"start":{"line":52,"column":2},"end":{"line":76,"column":1}},"line":52},"1":{"name":"(anonymous_1)","decl":{"start":{"line":70,"column":13},"end":{"line":70,"column":14}},"loc":{"start":{"line":70,"column":22},"end":{"line":70,"column":33}},"line":70},"2":{"name":"getPayment","decl":{"start":{"line":93,"column":22},"end":{"line":93,"column":32}},"loc":{"start":{"line":93,"column":37},"end":{"line":111,"column":1}},"line":93},"3":{"name":"getPaymentsForInvoice","decl":{"start":{"line":131,"column":22},"end":{"line":131,"column":43}},"loc":{"start":{"line":131,"column":55},"end":{"line":145,"column":1}},"line":131},"4":{"name":"applyPaymentToInvoice","decl":{"start":{"line":184,"column":22},"end":{"line":184,"column":43}},"loc":{"start":{"line":184,"column":68},"end":{"line":257,"column":1}},"line":184},"5":{"name":"getTotalPaymentsForInvoice","decl":{"start":{"line":269,"column":22},"end":{"line":269,"column":48}},"loc":{"start":{"line":269,"column":60},"end":{"line":292,"column":1}},"line":269},"6":{"name":"getPaymentStats","decl":{"start":{"line":303,"column":22},"end":{"line":303,"column":37}},"loc":{"start":{"line":303,"column":49},"end":{"line":337,"column":1}},"line":303}},"branchMap":{"0":{"loc":{"start":{"line":50,"column":2},"end":{"line":50,"column":20}},"type":"default-arg","locations":[{"start":{"line":50,"column":11},"end":{"line":50,"column":20}}],"line":50},"1":{"loc":{"start":{"line":51,"column":2},"end":{"line":51,"column":22}},"type":"default-arg","locations":[{"start":{"line":51,"column":18},"end":{"line":51,"column":22}}],"line":51},"2":{"loc":{"start":{"line":68,"column":4},"end":{"line":73,"column":5}},"type":"if","locations":[{"start":{"line":68,"column":4},"end":{"line":73,"column":5}},{"start":{},"end":{}}],"line":68},"3":{"loc":{"start":{"line":99,"column":4},"end":{"line":102,"column":5}},"type":"if","locations":[{"start":{"line":99,"column":4},"end":{"line":102,"column":5}},{"start":{},"end":{}}],"line":99},"4":{"loc":{"start":{"line":106,"column":4},"end":{"line":108,"column":5}},"type":"if","locations":[{"start":{"line":106,"column":4},"end":{"line":108,"column":5}},{"start":{},"end":{}}],"line":106},"5":{"loc":{"start":{"line":188,"column":4},"end":{"line":190,"column":5}},"type":"if","locations":[{"start":{"line":188,"column":4},"end":{"line":190,"column":5}},{"start":{},"end":{}}],"line":188},"6":{"loc":{"start":{"line":195,"column":4},"end":{"line":197,"column":5}},"type":"if","locations":[{"start":{"line":195,"column":4},"end":{"line":197,"column":5}},{"start":{},"end":{}}],"line":195},"7":{"loc":{"start":{"line":200,"column":23},"end":{"line":200,"column":45}},"type":"binary-expr","locations":[{"start":{"line":200,"column":23},"end":{"line":200,"column":40}},{"start":{"line":200,"column":44},"end":{"line":200,"column":45}}],"line":200},"8":{"loc":{"start":{"line":204,"column":4},"end":{"line":211,"column":5}},"type":"if","locations":[{"start":{"line":204,"column":4},"end":{"line":211,"column":5}},{"start":{},"end":{}}],"line":204},"9":{"loc":{"start":{"line":224,"column":6},"end":{"line":231,"column":7}},"type":"if","locations":[{"start":{"line":224,"column":6},"end":{"line":231,"column":7}},{"start":{},"end":{}}],"line":224},"10":{"loc":{"start":{"line":224,"column":10},"end":{"line":224,"column":79}},"type":"binary-expr","locations":[{"start":{"line":224,"column":10},"end":{"line":224,"column":45}},{"start":{"line":224,"column":49},"end":{"line":224,"column":79}}],"line":224},"11":{"loc":{"start":{"line":247,"column":4},"end":{"line":250,"column":5}},"type":"if","locations":[{"start":{"line":247,"column":4},"end":{"line":250,"column":5}},{"start":{},"end":{}}],"line":247},"12":{"loc":{"start":{"line":288,"column":11},"end":{"line":288,"column":40}},"type":"binary-expr","locations":[{"start":{"line":288,"column":11},"end":{"line":288,"column":35}},{"start":{"line":288,"column":39},"end":{"line":288,"column":40}}],"line":288},"13":{"loc":{"start":{"line":328,"column":11},"end":{"line":333,"column":5}},"type":"binary-expr","locations":[{"start":{"line":328,"column":11},"end":{"line":328,"column":19}},{"start":{"line":328,"column":23},"end":{"line":333,"column":5}}],"line":328}},"s":{"0":0,"1":0,"2":0,"3":0,"4":0,"5":0,"6":0,"7":0,"8":0,"9":0,"10":0,"11":0,"12":0,"13":0,"14":0,"15":0,"16":0,"17":0,"18":0,"19":0,"20":0,"21":0,"22":0,"23":0,"24":0,"25":0,"26":0,"27":0,"28":0,"29":0,"30":0,"31":0,"32":0,"33":0,"34":0,"35":0,"36":0,"37":0,"38":0,"39":0,"40":0,"41":0,"42":0,"43":0,"44":0,"45":0,"46":0,"47":0,"48":0,"49":0,"50":0,"51":0,"52":0,"53":0,"54":0},"f":{"0":0,"1":0,"2":0,"3":0,"4":0,"5":0,"6":0},"b":{"0":[0],"1":[0],"2":[0,0],"3":[0,0],"4":[0,0],"5":[0,0],"6":[0,0],"7":[0,0],"8":[0,0],"9":[0,0],"10":[0,0],"11":[0,0],"12":[0,0],"13":[0,0]},"_coverageSchema":"1a1c01bbd47fc00a2c39e90264f33305004495a9","hash":"3a022758e28d637a65df0ecfcac20df43351ca66"}
,"D:\\TMS\\payment-ledger-service\\backend\\src\\services\\transactionService.js": {"path":"D:\\TMS\\payment-ledger-service\\backend\\src\\services\\transactionService.js","statementMap":{"0":{"start":{"line":48,"column":2},"end":{"line":82,"column":3}},"1":{"start":{"line":51,"column":4},"end":{"line":53,"column":5}},"2":{"start":{"line":52,"column":6},"end":{"line":52,"column":72}},"3":{"start":{"line":55,"column":4},"end":{"line":57,"column":5}},"4":{"start":{"line":56,"column":6},"end":{"line":56,"column":61}},"5":{"start":{"line":61,"column":24},"end":{"line":66,"column":6}},"6":{"start":{"line":68,"column":4},"end":{"line":70,"column":6}},"7":{"start":{"line":72,"column":4},"end":{"line":72,"column":23}},"8":{"start":{"line":75,"column":4},"end":{"line":80,"column":5}},"9":{"start":{"line":76,"column":23},"end":{"line":78,"column":19}},"10":{"start":{"line":77,"column":22},"end":{"line":77,"column":33}},"11":{"start":{"line":79,"column":6},"end":{"line":79,"column":68}},"12":{"start":{"line":81,"column":4},"end":{"line":81,"column":16}},"13":{"start":{"line":100,"column":2},"end":{"line":119,"column":3}},"14":{"start":{"line":103,"column":24},"end":{"line":105,"column":47}},"15":{"start":{"line":107,"column":4},"end":{"line":110,"column":5}},"16":{"start":{"line":108,"column":6},"end":{"line":108,"column":54}},"17":{"start":{"line":109,"column":6},"end":{"line":109,"column":18}},"18":{"start":{"line":112,"column":4},"end":{"line":112,"column":23}},"19":{"start":{"line":115,"column":4},"end":{"line":117,"column":5}},"20":{"start":{"line":116,"column":6},"end":{"line":116,"column":62}},"21":{"start":{"line":118,"column":4},"end":{"line":118,"column":16}},"22":{"start":{"line":142,"column":2},"end":{"line":160,"column":3}},"23":{"start":{"line":144,"column":25},"end":{"line":149,"column":19}},"24":{"start":{"line":151,"column":6},"end":{"line":151,"column":61}},"25":{"start":{"line":153,"column":4},"end":{"line":155,"column":6}},"26":{"start":{"line":157,"column":4},"end":{"line":157,"column":24}},"27":{"start":{"line":159,"column":4},"end":{"line":159,"column":16}},"28":{"start":{"line":181,"column":2},"end":{"line":203,"column":3}},"29":{"start":{"line":183,"column":25},"end":{"line":191,"column":30}},"30":{"start":{"line":193,"column":4},"end":{"line":195,"column":6}},"31":{"start":{"line":197,"column":4},"end":{"line":197,"column":24}},"32":{"start":{"line":199,"column":4},"end":{"line":201,"column":5}},"33":{"start":{"line":200,"column":6},"end":{"line":200,"column":65}},"34":{"start":{"line":202,"column":4},"end":{"line":202,"column":16}},"35":{"start":{"line":217,"column":2},"end":{"line":228,"column":3}},"36":{"start":{"line":218,"column":18},"end":{"line":223,"column":6}},"37":{"start":{"line":225,"column":4},"end":{"line":225,"column":17}},"38":{"start":{"line":227,"column":4},"end":{"line":227,"column":16}}},"fnMap":{"0":{"name":"createTransaction","decl":{"start":{"line":42,"column":22},"end":{"line":42,"column":39}},"loc":{"start":{"line":47,"column":2},"end":{"line":83,"column":1}},"line":47},"1":{"name":"(anonymous_1)","decl":{"start":{"line":77,"column":13},"end":{"line":77,"column":14}},"loc":{"start":{"line":77,"column":22},"end":{"line":77,"column":33}},"line":77},"2":{"name":"getTransaction","decl":{"start":{"line":99,"column":22},"end":{"line":99,"column":36}},"loc":{"start":{"line":99,"column":41},"end":{"line":120,"column":1}},"line":99},"3":{"name":"getAllTransactions","decl":{"start":{"line":141,"column":22},"end":{"line":141,"column":40}},"loc":{"start":{"line":141,"column":65},"end":{"line":161,"column":1}},"line":141},"4":{"name":"getTransactionsByAccount","decl":{"start":{"line":180,"column":22},"end":{"line":180,"column":46}},"loc":{"start":{"line":180,"column":58},"end":{"line":204,"column":1}},"line":180},"5":{"name":"getTransactionCount","decl":{"start":{"line":216,"column":22},"end":{"line":216,"column":41}},"loc":{"start":{"line":216,"column":53},"end":{"line":229,"column":1}},"line":216}},"branchMap":{"0":{"loc":{"start":{"line":46,"column":2},"end":{"line":46,"column":20}},"type":"default-arg","locations":[{"start":{"line":46,"column":16},"end":{"line":46,"column":20}}],"line":46},"1":{"loc":{"start":{"line":51,"column":4},"end":{"line":53,"column":5}},"type":"if","locations":[{"start":{"line":51,"column":4},"end":{"line":53,"column":5}},{"start":{},"end":{}}],"line":51},"2":{"loc":{"start":{"line":51,"column":8},"end":{"line":51,"column":43}},"type":"binary-expr","locations":[{"start":{"line":51,"column":8},"end":{"line":51,"column":23}},{"start":{"line":51,"column":27},"end":{"line":51,"column":43}}],"line":51},"3":{"loc":{"start":{"line":55,"column":4},"end":{"line":57,"column":5}},"type":"if","locations":[{"start":{"line":55,"column":4},"end":{"line":57,"column":5}},{"start":{},"end":{}}],"line":55},"4":{"loc":{"start":{"line":65,"column":19},"end":{"line":65,"column":58}},"type":"cond-expr","locations":[{"start":{"line":65,"column":33},"end":{"line":65,"column":51}},{"start":{"line":65,"column":54},"end":{"line":65,"column":58}}],"line":65},"5":{"loc":{"start":{"line":75,"column":4},"end":{"line":80,"column":5}},"type":"if","locations":[{"start":{"line":75,"column":4},"end":{"line":80,"column":5}},{"start":{},"end":{}}],"line":75},"6":{"loc":{"start":{"line":107,"column":4},"end":{"line":110,"column":5}},"type":"if","locations":[{"start":{"line":107,"column":4},"end":{"line":110,"column":5}},{"start":{},"end":{}}],"line":107},"7":{"loc":{"start":{"line":115,"column":4},"end":{"line":117,"column":5}},"type":"if","locations":[{"start":{"line":115,"column":4},"end":{"line":117,"column":5}},{"start":{},"end":{}}],"line":115},"8":{"loc":{"start":{"line":141,"column":41},"end":{"line":141,"column":51}},"type":"default-arg","locations":[{"start":{"line":141,"column":49},"end":{"line":141,"column":51}}],"line":141},"9":{"loc":{"start":{"line":141,"column":53},"end":{"line":141,"column":63}},"type":"default-arg","locations":[{"start":{"line":141,"column":62},"end":{"line":141,"column":63}}],"line":141},"10":{"loc":{"start":{"line":199,"column":4},"end":{"line":201,"column":5}},"type":"if","locations":[{"start":{"line":199,"column":4},"end":{"line":201,"column":5}},{"start":{},"end":{}}],"line":199}},"s":{"0":0,"1":0,"2":0,"3":0,"4":0,"5":0,"6":0,"7":0,"8":0,"9":0,"10":0,"11":0,"12":0,"13":0,"14":0,"15":0,"16":0,"17":0,"18":0,"19":0,"20":0,"21":0,"22":0,"23":0,"24":0,"25":0,"26":0,"27":0,"28":0,"29":0,"30":0,"31":0,"32":0,"33":0,"34":0,"35":0,"36":0,"37":0,"38":0},"f":{"0":0,"1":0,"2":0,"3":0,"4":0,"5":0},"b":{"0":[0],"1":[0,0],"2":[0,0],"3":[0,0],"4":[0,0],"5":[0,0],"6":[0,0],"7":[0,0],"8":[0],"9":[0],"10":[0,0]},"_coverageSchema":"1a1c01bbd47fc00a2c39e90264f33305004495a9","hash":"4d141ce68eb922a6509e709ac327372978533f85"}
}
