TN:
SF:src\models\Account.js
FNF:0
FNH:0
DA:21,1
DA:48,1
DA:52,1
LF:3
LH:3
BRF:0
BRH:0
end_of_record
TN:
SF:src\models\Invoice.js
FN:72,(anonymous_0)
FN:82,(anonymous_1)
FNF:2
FNH:0
FNDA:0,(anonymous_0)
FNDA:0,(anonymous_1)
DA:32,1
DA:72,0
DA:82,0
DA:98,1
LF:4
LH:2
BRF:0
BRH:0
end_of_record
TN:
SF:src\models\LineItem.js
FN:50,(anonymous_0)
FNF:1
FNH:0
FNDA:0,(anonymous_0)
DA:24,1
DA:50,0
DA:60,1
LF:3
LH:2
BRF:0
BRH:0
end_of_record
TN:
SF:src\models\Payment.js
FN:43,(anonymous_0)
FNF:1
FNH:0
FNDA:0,(anonymous_0)
DA:25,1
DA:43,0
DA:78,1
DA:81,1
DA:84,1
LF:5
LH:4
BRF:0
BRH:0
end_of_record
TN:
SF:src\models\Transaction.js
FNF:0
FNH:0
DA:27,1
DA:65,1
LF:2
LH:2
BRF:0
BRH:0
end_of_record
TN:
SF:src\services\accountService.js
FN:39,createAccount
FN:54,(anonymous_1)
FN:78,getAccount
FN:118,getAllAccounts
FN:170,calculateBalance
FNF:5
FNH:1
FNDA:5,createAccount
FNDA:0,(anonymous_1)
FNDA:0,getAccount
FNDA:0,getAllAccounts
FNDA:0,calculateBalance
DA:40,5
DA:43,5
DA:48,0
DA:49,0
DA:52,4
DA:53,0
DA:54,0
DA:56,0
DA:58,4
DA:79,0
DA:81,0
DA:82,0
DA:84,0
DA:86,0
DA:87,0
DA:88,0
DA:91,0
DA:94,0
DA:95,0
DA:97,0
DA:119,0
DA:120,0
DA:123,0
DA:124,0
DA:129,0
DA:131,0
DA:132,0
DA:134,0
DA:171,0
DA:173,0
DA:188,0
DA:191,0
DA:206,0
DA:211,0
DA:213,0
DA:217,0
DA:219,0
LF:37
LH:4
BRDA:52,0,0,0
BRDA:52,0,1,4
BRDA:82,1,0,0
BRDA:82,1,1,0
BRDA:82,1,2,0
BRDA:86,2,0,0
BRDA:86,2,1,0
BRDA:94,3,0,0
BRDA:94,3,1,0
BRDA:118,4,0,0
BRDA:123,5,0,0
BRDA:123,5,1,0
BRDA:188,6,0,0
BRDA:188,6,1,0
BRDA:206,7,0,0
BRDA:206,7,1,0
BRF:16
BRH:1
end_of_record
TN:
SF:src\services\invoiceService.js
FN:39,createInvoice
FN:48,(anonymous_1)
FN:70,(anonymous_2)
FN:88,(anonymous_3)
FN:117,getInvoice
FN:169,getAllInvoices
FN:210,updateInvoiceStatus
FN:257,getInvoicePaidAmount
FN:288,getInvoiceLineItems
FN:311,updateInvoicePaidAmount
FNF:10
FNH:0
FNDA:0,createInvoice
FNDA:0,(anonymous_1)
FNDA:0,(anonymous_2)
FNDA:0,(anonymous_3)
FNDA:0,getInvoice
FNDA:0,getAllInvoices
FNDA:0,updateInvoiceStatus
FNDA:0,getInvoicePaidAmount
FNDA:0,getInvoiceLineItems
FNDA:0,updateInvoicePaidAmount
DA:45,0
DA:48,0
DA:50,0
DA:51,0
DA:55,0
DA:64,0
DA:69,0
DA:70,0
DA:77,0
DA:78,0
DA:82,0
DA:85,0
DA:86,0
DA:87,0
DA:88,0
DA:90,0
DA:93,0
DA:94,0
DA:98,0
DA:118,0
DA:120,0
DA:124,0
DA:125,0
DA:126,0
DA:131,0
DA:133,0
DA:139,0
DA:144,0
DA:145,0
DA:147,0
DA:170,0
DA:171,0
DA:174,0
DA:175,0
DA:179,0
DA:184,0
DA:185,0
DA:187,0
DA:211,0
DA:215,0
DA:223,0
DA:224,0
DA:227,0
DA:228,0
DA:230,0
DA:231,0
DA:233,0
DA:234,0
DA:236,0
DA:258,0
DA:259,0
DA:261,0
DA:262,0
DA:265,0
DA:267,0
DA:289,0
DA:290,0
DA:294,0
DA:296,0
DA:312,0
DA:314,0
DA:320,0
DA:321,0
DA:324,0
DA:326,0
LF:65
LH:0
BRDA:42,0,0,0
BRDA:43,1,0,0
BRDA:48,2,0,0
BRDA:48,2,1,0
BRDA:50,3,0,0
BRDA:50,3,1,0
BRDA:58,4,0,0
BRDA:58,4,1,0
BRDA:59,5,0,0
BRDA:59,5,1,0
BRDA:69,6,0,0
BRDA:69,6,1,0
BRDA:73,7,0,0
BRDA:73,7,1,0
BRDA:86,8,0,0
BRDA:86,8,1,0
BRDA:93,9,0,0
BRDA:93,9,1,0
BRDA:124,10,0,0
BRDA:124,10,1,0
BRDA:144,11,0,0
BRDA:144,11,1,0
BRDA:169,12,0,0
BRDA:174,13,0,0
BRDA:174,13,1,0
BRDA:223,14,0,0
BRDA:223,14,1,0
BRDA:230,15,0,0
BRDA:230,15,1,0
BRDA:233,16,0,0
BRDA:233,16,1,0
BRDA:261,17,0,0
BRDA:261,17,1,0
BRDA:265,18,0,0
BRDA:265,18,1,0
BRDA:320,19,0,0
BRDA:320,19,1,0
BRF:37
BRH:0
end_of_record
TN:
SF:src\services\paymentService.js
FN:47,createPayment
FN:70,(anonymous_1)
FN:93,getPayment
FN:131,getPaymentsForInvoice
FN:184,applyPaymentToInvoice
FN:269,getTotalPaymentsForInvoice
FN:303,getPaymentStats
FNF:7
FNH:0
FNDA:0,createPayment
FNDA:0,(anonymous_1)
FNDA:0,getPayment
FNDA:0,getPaymentsForInvoice
FNDA:0,applyPaymentToInvoice
FNDA:0,getTotalPaymentsForInvoice
FNDA:0,getPaymentStats
DA:53,0
DA:55,0
DA:62,0
DA:66,0
DA:68,0
DA:69,0
DA:70,0
DA:72,0
DA:74,0
DA:94,0
DA:95,0
DA:99,0
DA:100,0
DA:101,0
DA:104,0
DA:106,0
DA:107,0
DA:109,0
DA:132,0
DA:133,0
DA:137,0
DA:141,0
DA:143,0
DA:185,0
DA:187,0
DA:188,0
DA:189,0
DA:192,0
DA:195,0
DA:196,0
DA:200,0
DA:201,0
DA:204,0
DA:205,0
DA:215,0
DA:223,0
DA:224,0
DA:225,0
DA:235,0
DA:238,0
DA:244,0
DA:247,0
DA:248,0
DA:249,0
DA:252,0
DA:254,0
DA:255,0
DA:270,0
DA:271,0
DA:288,0
DA:290,0
DA:304,0
DA:305,0
DA:328,0
DA:335,0
LF:55
LH:0
BRDA:50,0,0,0
BRDA:51,1,0,0
BRDA:68,2,0,0
BRDA:68,2,1,0
BRDA:99,3,0,0
BRDA:99,3,1,0
BRDA:106,4,0,0
BRDA:106,4,1,0
BRDA:188,5,0,0
BRDA:188,5,1,0
BRDA:195,6,0,0
BRDA:195,6,1,0
BRDA:200,7,0,0
BRDA:200,7,1,0
BRDA:204,8,0,0
BRDA:204,8,1,0
BRDA:224,9,0,0
BRDA:224,9,1,0
BRDA:224,10,0,0
BRDA:224,10,1,0
BRDA:247,11,0,0
BRDA:247,11,1,0
BRDA:288,12,0,0
BRDA:288,12,1,0
BRDA:328,13,0,0
BRDA:328,13,1,0
BRF:26
BRH:0
end_of_record
TN:
SF:src\services\transactionService.js
FN:42,createTransaction
FN:77,(anonymous_1)
FN:99,getTransaction
FN:141,getAllTransactions
FN:180,getTransactionsByAccount
FN:216,getTransactionCount
FNF:6
FNH:0
FNDA:0,createTransaction
FNDA:0,(anonymous_1)
FNDA:0,getTransaction
FNDA:0,getAllTransactions
FNDA:0,getTransactionsByAccount
FNDA:0,getTransactionCount
DA:48,0
DA:51,0
DA:52,0
DA:55,0
DA:56,0
DA:61,0
DA:68,0
DA:72,0
DA:75,0
DA:76,0
DA:77,0
DA:79,0
DA:81,0
DA:100,0
DA:103,0
DA:107,0
DA:108,0
DA:109,0
DA:112,0
DA:115,0
DA:116,0
DA:118,0
DA:142,0
DA:144,0
DA:151,0
DA:153,0
DA:157,0
DA:159,0
DA:181,0
DA:183,0
DA:193,0
DA:197,0
DA:199,0
DA:200,0
DA:202,0
DA:217,0
DA:218,0
DA:225,0
DA:227,0
LF:39
LH:0
BRDA:46,0,0,0
BRDA:51,1,0,0
BRDA:51,1,1,0
BRDA:51,2,0,0
BRDA:51,2,1,0
BRDA:55,3,0,0
BRDA:55,3,1,0
BRDA:65,4,0,0
BRDA:65,4,1,0
BRDA:75,5,0,0
BRDA:75,5,1,0
BRDA:107,6,0,0
BRDA:107,6,1,0
BRDA:115,7,0,0
BRDA:115,7,1,0
BRDA:141,8,0,0
BRDA:141,9,0,0
BRDA:199,10,0,0
BRDA:199,10,1,0
BRF:19
BRH:0
end_of_record
